[0.000][INFO]:      ChromeDriver 26.0.1383.0 /usr/bin/chromedriver
[0.224][FINE]:      Initializing session with capabilities {
   "browserName": "chrome",
   "chrome.detach": true,
   "chromeOptions": {
      "detach": true
   },
   "cssSelectorsEnabled": true,
   "javascriptEnabled": true,
   "nativeEvents": false,
   "platform": "ANY",
   "rotatable": false,
   "takesScreenshot": false,
   "version": ""
}

[0.225][INFO]:      Using named testing interface
[0.777][INFO]:      Connected to Chrome successfully. Version: 27.0.1453.116
[0.825][FINE]:      Command received (/session/114cb9aad6c20cf5e2c7fc46a20c2d83)
[0.826][FINE]:      Command finished (/session/114cb9aad6c20cf5e2c7fc46a20c2d83) with response {
   "sessionId": "114cb9aad6c20cf5e2c7fc46a20c2d83",
   "status": 0,
   "value": {
      "acceptSslCerts": false,
      "applicationCacheEnabled": false,
      "browserConnectionEnabled": false,
      "browserName": "chrome",
      "chrome.chromedriverVersion": "26.0.1383.0",
      "cssSelectorsEnabled": true,
      "databaseEnabled": false,
      "handlesAlerts": true,
      "javascriptEnabled": true,
      "locationContextEnabled": false,
      "nativeEvents": true,
      "platform": "mac",
      "rotatable": false,
      "takesScreenshot": true,
      "version": "27.0.1453.116",
      "webStorageEnabled": true
   }
}

[0.856][FINE]:      Command received (/session/114cb9aad6c20cf5e2c7fc46a20c2d83/url) with params {
   "url": "http://localhost:3000/add"
}

[0.856][FINER]:     Waiting for all views to stop loading...
[0.857][FINER]:     Done waiting for all views to stop loading
[0.961][FINER]:     Waiting for all views to stop loading...
[0.963][FINER]:     Done waiting for all views to stop loading
[0.963][FINE]:      Command finished (/session/114cb9aad6c20cf5e2c7fc46a20c2d83/url) with response {
   "sessionId": "114cb9aad6c20cf5e2c7fc46a20c2d83",
   "status": 0,
   "value": {

   }
}

[0.964][FINE]:      Command received (/session/114cb9aad6c20cf5e2c7fc46a20c2d83/url)
[0.964][FINER]:     Waiting for all views to stop loading...
[1.007][FINER]:     Done waiting for all views to stop loading
[1.011][FINER]:     Waiting for all views to stop loading...
[1.012][FINER]:     Done waiting for all views to stop loading
[1.012][FINE]:      Command finished (/session/114cb9aad6c20cf5e2c7fc46a20c2d83/url) with response {
   "sessionId": "114cb9aad6c20cf5e2c7fc46a20c2d83",
   "status": 0,
   "value": "http://localhost:3000/add"
}

[1.013][FINE]:      Command received (/session/114cb9aad6c20cf5e2c7fc46a20c2d83/frame) with params {
   "id": null
}

[1.013][FINER]:     Waiting for all views to stop loading...
[1.014][FINER]:     Done waiting for all views to stop loading
[1.014][FINER]:     Waiting for all views to stop loading...
[1.014][FINER]:     Done waiting for all views to stop loading
[1.014][FINE]:      Command finished (/session/114cb9aad6c20cf5e2c7fc46a20c2d83/frame) with response {
   "sessionId": "114cb9aad6c20cf5e2c7fc46a20c2d83",
   "status": 0,
   "value": {

   }
}

[1.015][FINE]:      Command received (/session/114cb9aad6c20cf5e2c7fc46a20c2d83/element) with params {
   "using": "id",
   "value": "first"
}

[1.015][FINER]:     Waiting for all views to stop loading...
[1.015][FINER]:     Done waiting for all views to stop loading
[1.034][FINER]:     Waiting for all views to stop loading...
[1.034][FINER]:     Done waiting for all views to stop loading
[1.034][WARNING]:   Command finished (/session/114cb9aad6c20cf5e2c7fc46a20c2d83/element) with response {
   "sessionId": "114cb9aad6c20cf5e2c7fc46a20c2d83",
   "status": 7,
   "value": {
      "message": "The element could not be found"
   }
}

[1.036][FINE]:      Command received (/session/114cb9aad6c20cf5e2c7fc46a20c2d83/element) with params {
   "using": "xpath",
   "value": ".//input[(not(@type) or (translate(@type,'ABCDEFGHIJKLMNOPQRSTUVWXYZ','abcdefghijklmnopqrstuvwxyz..."
}

[1.036][FINER]:     Waiting for all views to stop loading...
[1.036][FINER]:     Done waiting for all views to stop loading
[1.055][FINER]:     Waiting for all views to stop loading...
[1.055][FINER]:     Done waiting for all views to stop loading
[1.055][WARNING]:   Command finished (/session/114cb9aad6c20cf5e2c7fc46a20c2d83/element) with response {
   "sessionId": "114cb9aad6c20cf5e2c7fc46a20c2d83",
   "status": 7,
   "value": {
      "message": "The element could not be found"
   }
}

